<?xml version="1.0" encoding="UTF-8"?>
<coverage generated="1713362563456" clover="3.2.0">
  <project timestamp="1713362563457" name="All files">
    <metrics statements="28" coveredstatements="24" conditionals="17" coveredconditionals="7" methods="6" coveredmethods="6" elements="51" coveredelements="37" complexity="0" loc="28" ncloc="28" packages="1" files="2" classes="2"/>
    <file name="API_Responses.js" path="C:\Users\Public\Documents\ServerlessYoutubeSeries\lambdas\common\API_Responses.js">
      <metrics statements="6" coveredstatements="6" conditionals="5" coveredconditionals="0" methods="4" coveredmethods="4"/>
      <line num="1" count="1" type="stmt"/>
      <line num="3" count="3" type="stmt"/>
      <line num="15" count="1" type="stmt"/>
      <line num="19" count="1" type="stmt"/>
      <line num="22" count="1" type="stmt"/>
      <line num="26" count="1" type="stmt"/>
    </file>
    <file name="Dynamo.js" path="C:\Users\Public\Documents\ServerlessYoutubeSeries\lambdas\common\Dynamo.js">
      <metrics statements="22" coveredstatements="18" conditionals="12" coveredconditionals="7" methods="2" coveredmethods="2"/>
      <line num="1" count="1" type="stmt"/>
      <line num="3" count="1" type="stmt"/>
      <line num="5" count="1" type="cond" truecount="1" falsecount="1"/>
      <line num="6" count="0" type="stmt"/>
      <line num="12" count="1" type="cond" truecount="1" falsecount="1"/>
      <line num="13" count="1" type="stmt"/>
      <line num="20" count="1" type="stmt"/>
      <line num="22" count="1" type="stmt"/>
      <line num="24" count="1" type="stmt"/>
      <line num="31" count="1" type="stmt"/>
      <line num="33" count="1" type="cond" truecount="3" falsecount="1"/>
      <line num="34" count="0" type="stmt"/>
      <line num="36" count="1" type="stmt"/>
      <line num="38" count="1" type="stmt"/>
      <line num="42" count="1" type="cond" truecount="1" falsecount="1"/>
      <line num="43" count="0" type="stmt"/>
      <line num="46" count="1" type="stmt"/>
      <line num="51" count="1" type="stmt"/>
      <line num="53" count="1" type="cond" truecount="1" falsecount="1"/>
      <line num="54" count="0" type="stmt"/>
      <line num="57" count="1" type="stmt"/>
      <line num="60" count="1" type="stmt"/>
    </file>
  </project>
</coverage>
