{"C:\\Users\\Public\\Documents\\ServerlessYoutubeSeries\\lambdas\\common\\API_Responses.js": {"path":"C:\\Users\\Public\\Documents\\ServerlessYoutubeSeries\\lambdas\\common\\API_Responses.js","statementMap":{"0":{"start":{"line":1,"column":18},"end":{"line":24,"column":1}},"1":{"start":{"line":3,"column":8},"end":{"line":11,"column":10}},"2":{"start":{"line":15,"column":8},"end":{"line":15,"column":47}},"3":{"start":{"line":19,"column":8},"end":{"line":19,"column":47}},"4":{"start":{"line":22,"column":8},"end":{"line":22,"column":47}},"5":{"start":{"line":26,"column":0},"end":{"line":26,"column":27}}},"fnMap":{"0":{"name":"(anonymous_0)","decl":{"start":{"line":2,"column":4},"end":{"line":2,"column":5}},"loc":{"start":{"line":2,"column":49},"end":{"line":12,"column":5}},"line":2},"1":{"name":"(anonymous_1)","decl":{"start":{"line":14,"column":4},"end":{"line":14,"column":5}},"loc":{"start":{"line":14,"column":20},"end":{"line":16,"column":5}},"line":14},"2":{"name":"(anonymous_2)","decl":{"start":{"line":18,"column":4},"end":{"line":18,"column":5}},"loc":{"start":{"line":18,"column":20},"end":{"line":20,"column":5}},"line":18},"3":{"name":"(anonymous_3)","decl":{"start":{"line":21,"column":4},"end":{"line":21,"column":5}},"loc":{"start":{"line":21,"column":20},"end":{"line":23,"column":5}},"line":21}},"branchMap":{"0":{"loc":{"start":{"line":2,"column":20},"end":{"line":2,"column":36}},"type":"default-arg","locations":[{"start":{"line":2,"column":33},"end":{"line":2,"column":36}}],"line":2},"1":{"loc":{"start":{"line":2,"column":38},"end":{"line":2,"column":47}},"type":"default-arg","locations":[{"start":{"line":2,"column":45},"end":{"line":2,"column":47}}],"line":2},"2":{"loc":{"start":{"line":14,"column":9},"end":{"line":14,"column":18}},"type":"default-arg","locations":[{"start":{"line":14,"column":16},"end":{"line":14,"column":18}}],"line":14},"3":{"loc":{"start":{"line":18,"column":9},"end":{"line":18,"column":18}},"type":"default-arg","locations":[{"start":{"line":18,"column":16},"end":{"line":18,"column":18}}],"line":18},"4":{"loc":{"start":{"line":21,"column":9},"end":{"line":21,"column":18}},"type":"default-arg","locations":[{"start":{"line":21,"column":16},"end":{"line":21,"column":18}}],"line":21}},"s":{"0":2,"1":3,"2":1,"3":1,"4":1,"5":2},"f":{"0":3,"1":1,"2":1,"3":1},"b":{"0":[0],"1":[0],"2":[0],"3":[0],"4":[0]},"_coverageSchema":"1a1c01bbd47fc00a2c39e90264f33305004495a9","hash":"ffa72527c07be2ad1e498b7bc3ddc42a1cae8622"}
,"C:\\Users\\Public\\Documents\\ServerlessYoutubeSeries\\lambdas\\common\\Dynamo.js": {"path":"C:\\Users\\Public\\Documents\\ServerlessYoutubeSeries\\lambdas\\common\\Dynamo.js","statementMap":{"0":{"start":{"line":1,"column":12},"end":{"line":1,"column":30}},"1":{"start":{"line":3,"column":14},"end":{"line":3,"column":16}},"2":{"start":{"line":5,"column":0},"end":{"line":10,"column":1}},"3":{"start":{"line":6,"column":4},"end":{"line":9,"column":5}},"4":{"start":{"line":12,"column":0},"end":{"line":18,"column":1}},"5":{"start":{"line":13,"column":4},"end":{"line":17,"column":5}},"6":{"start":{"line":20,"column":23},"end":{"line":20,"column":63}},"7":{"start":{"line":22,"column":15},"end":{"line":59,"column":1}},"8":{"start":{"line":24,"column":23},"end":{"line":29,"column":9}},"9":{"start":{"line":31,"column":21},"end":{"line":31,"column":63}},"10":{"start":{"line":33,"column":8},"end":{"line":35,"column":9}},"11":{"start":{"line":34,"column":12},"end":{"line":34,"column":98}},"12":{"start":{"line":36,"column":8},"end":{"line":36,"column":26}},"13":{"start":{"line":38,"column":8},"end":{"line":38,"column":25}},"14":{"start":{"line":42,"column":8},"end":{"line":44,"column":9}},"15":{"start":{"line":43,"column":12},"end":{"line":43,"column":45}},"16":{"start":{"line":46,"column":23},"end":{"line":49,"column":9}},"17":{"start":{"line":51,"column":20},"end":{"line":51,"column":62}},"18":{"start":{"line":53,"column":8},"end":{"line":55,"column":9}},"19":{"start":{"line":54,"column":12},"end":{"line":54,"column":95}},"20":{"start":{"line":57,"column":8},"end":{"line":57,"column":20}},"21":{"start":{"line":60,"column":0},"end":{"line":60,"column":24}}},"fnMap":{"0":{"name":"(anonymous_0)","decl":{"start":{"line":23,"column":4},"end":{"line":23,"column":5}},"loc":{"start":{"line":23,"column":29},"end":{"line":39,"column":5}},"line":23},"1":{"name":"(anonymous_1)","decl":{"start":{"line":41,"column":4},"end":{"line":41,"column":5}},"loc":{"start":{"line":41,"column":33},"end":{"line":58,"column":5}},"line":41}},"branchMap":{"0":{"loc":{"start":{"line":5,"column":0},"end":{"line":10,"column":1}},"type":"if","locations":[{"start":{"line":5,"column":0},"end":{"line":10,"column":1}},{"start":{},"end":{}}],"line":5},"1":{"loc":{"start":{"line":12,"column":0},"end":{"line":18,"column":1}},"type":"if","locations":[{"start":{"line":12,"column":0},"end":{"line":18,"column":1}},{"start":{},"end":{}}],"line":12},"2":{"loc":{"start":{"line":33,"column":8},"end":{"line":35,"column":9}},"type":"if","locations":[{"start":{"line":33,"column":8},"end":{"line":35,"column":9}},{"start":{},"end":{}}],"line":33},"3":{"loc":{"start":{"line":33,"column":12},"end":{"line":33,"column":31}},"type":"binary-expr","locations":[{"start":{"line":33,"column":12},"end":{"line":33,"column":17}},{"start":{"line":33,"column":21},"end":{"line":33,"column":31}}],"line":33},"4":{"loc":{"start":{"line":42,"column":8},"end":{"line":44,"column":9}},"type":"if","locations":[{"start":{"line":42,"column":8},"end":{"line":44,"column":9}},{"start":{},"end":{}}],"line":42},"5":{"loc":{"start":{"line":53,"column":8},"end":{"line":55,"column":9}},"type":"if","locations":[{"start":{"line":53,"column":8},"end":{"line":55,"column":9}},{"start":{},"end":{}}],"line":53}},"s":{"0":2,"1":2,"2":2,"3":0,"4":2,"5":2,"6":2,"7":2,"8":1,"9":1,"10":1,"11":0,"12":1,"13":1,"14":2,"15":0,"16":2,"17":2,"18":1,"19":0,"20":1,"21":2},"f":{"0":1,"1":2},"b":{"0":[0,2],"1":[2,0],"2":[0,1],"3":[1,1],"4":[0,2],"5":[0,1]},"_coverageSchema":"1a1c01bbd47fc00a2c39e90264f33305004495a9","hash":"936dea07c71efae66bb219f1a9c69addc1eb079c"}
,"C:\\Users\\Public\\Documents\\ServerlessYoutubeSeries\\lambdas\\common\\hooks.js": {"path":"C:\\Users\\Public\\Documents\\ServerlessYoutubeSeries\\lambdas\\common\\hooks.js","statementMap":{"0":{"start":{"line":1,"column":66},"end":{"line":1,"column":89}},"1":{"start":{"line":3,"column":18},"end":{"line":7,"column":2}},"2":{"start":{"line":9,"column":28},"end":{"line":21,"column":1}},"3":{"start":{"line":10,"column":4},"end":{"line":20,"column":6}},"4":{"start":{"line":23,"column":0},"end":{"line":26,"column":2}},"5":{"start":{"line":28,"column":26},"end":{"line":45,"column":1}},"6":{"start":{"line":29,"column":27},"end":{"line":29,"column":39}},"7":{"start":{"line":31,"column":4},"end":{"line":33,"column":5}},"8":{"start":{"line":32,"column":8},"end":{"line":32,"column":56}},"9":{"start":{"line":35,"column":4},"end":{"line":43,"column":5}},"10":{"start":{"line":36,"column":26},"end":{"line":36,"column":31}},"11":{"start":{"line":37,"column":0},"end":{"line":37,"column":41}},"12":{"start":{"line":38,"column":8},"end":{"line":38,"column":64}},"13":{"start":{"line":40,"column":8},"end":{"line":40,"column":65}},"14":{"start":{"line":41,"column":8},"end":{"line":41,"column":26}},"15":{"start":{"line":42,"column":8},"end":{"line":42,"column":93}},"16":{"start":{"line":44,"column":4},"end":{"line":44,"column":17}},"17":{"start":{"line":47,"column":22},"end":{"line":64,"column":1}},"18":{"start":{"line":48,"column":27},"end":{"line":48,"column":39}},"19":{"start":{"line":50,"column":4},"end":{"line":52,"column":5}},"20":{"start":{"line":51,"column":8},"end":{"line":51,"column":56}},"21":{"start":{"line":54,"column":4},"end":{"line":62,"column":5}},"22":{"start":{"line":55,"column":26},"end":{"line":55,"column":31}},"23":{"start":{"line":57,"column":8},"end":{"line":57,"column":74}},"24":{"start":{"line":59,"column":8},"end":{"line":59,"column":70}},"25":{"start":{"line":60,"column":8},"end":{"line":60,"column":26}},"26":{"start":{"line":61,"column":8},"end":{"line":61,"column":93}},"27":{"start":{"line":63,"column":4},"end":{"line":63,"column":17}}},"fnMap":{"0":{"name":"(anonymous_0)","decl":{"start":{"line":9,"column":28},"end":{"line":9,"column":29}},"loc":{"start":{"line":9,"column":60},"end":{"line":21,"column":1}},"line":9},"1":{"name":"(anonymous_1)","decl":{"start":{"line":28,"column":26},"end":{"line":28,"column":27}},"loc":{"start":{"line":28,"column":41},"end":{"line":45,"column":1}},"line":28},"2":{"name":"(anonymous_2)","decl":{"start":{"line":47,"column":22},"end":{"line":47,"column":23}},"loc":{"start":{"line":47,"column":37},"end":{"line":64,"column":1}},"line":47}},"branchMap":{"0":{"loc":{"start":{"line":31,"column":4},"end":{"line":33,"column":5}},"type":"if","locations":[{"start":{"line":31,"column":4},"end":{"line":33,"column":5}},{"start":{},"end":{}}],"line":31},"1":{"loc":{"start":{"line":50,"column":4},"end":{"line":52,"column":5}},"type":"if","locations":[{"start":{"line":50,"column":4},"end":{"line":52,"column":5}},{"start":{},"end":{}}],"line":50}},"s":{"0":1,"1":1,"2":1,"3":1,"4":1,"5":1,"6":2,"7":2,"8":0,"9":2,"10":2,"11":2,"12":2,"13":0,"14":0,"15":0,"16":2,"17":1,"18":2,"19":2,"20":0,"21":2,"22":2,"23":2,"24":1,"25":1,"26":1,"27":2},"f":{"0":1,"1":2,"2":2},"b":{"0":[0,2],"1":[0,2]},"_coverageSchema":"1a1c01bbd47fc00a2c39e90264f33305004495a9","hash":"3cc7019167765d8d8cea9c126e0dcae6c3974562"}
,"C:\\Users\\Public\\Documents\\ServerlessYoutubeSeries\\lambdas\\endpoints\\createPlayerScore.js": {"path":"C:\\Users\\Public\\Documents\\ServerlessYoutubeSeries\\lambdas\\endpoints\\createPlayerScore.js","statementMap":{"0":{"start":{"line":1,"column":18},"end":{"line":1,"column":52}},"1":{"start":{"line":2,"column":15},"end":{"line":2,"column":42}},"2":{"start":{"line":3,"column":43},"end":{"line":3,"column":69}},"3":{"start":{"line":4,"column":12},"end":{"line":4,"column":26}},"4":{"start":{"line":6,"column":18},"end":{"line":6,"column":39}},"5":{"start":{"line":8,"column":19},"end":{"line":11,"column":2}},"6":{"start":{"line":13,"column":19},"end":{"line":15,"column":2}},"7":{"start":{"line":17,"column":16},"end":{"line":29,"column":1}},"8":{"start":{"line":18,"column":13},"end":{"line":18,"column":36}},"9":{"start":{"line":19,"column":17},"end":{"line":19,"column":27}},"10":{"start":{"line":20,"column":4},"end":{"line":20,"column":17}},"11":{"start":{"line":22,"column":20},"end":{"line":22,"column":55}},"12":{"start":{"line":24,"column":4},"end":{"line":26,"column":5}},"13":{"start":{"line":25,"column":8},"end":{"line":25,"column":73}},"14":{"start":{"line":28,"column":4},"end":{"line":28,"column":39}},"15":{"start":{"line":31,"column":0},"end":{"line":31,"column":75}}},"fnMap":{"0":{"name":"(anonymous_0)","decl":{"start":{"line":17,"column":16},"end":{"line":17,"column":17}},"loc":{"start":{"line":17,"column":31},"end":{"line":29,"column":1}},"line":17}},"branchMap":{"0":{"loc":{"start":{"line":24,"column":4},"end":{"line":26,"column":5}},"type":"if","locations":[{"start":{"line":24,"column":4},"end":{"line":26,"column":5}},{"start":{},"end":{}}],"line":24}},"s":{"0":1,"1":1,"2":1,"3":1,"4":1,"5":1,"6":1,"7":1,"8":1,"9":1,"10":1,"11":1,"12":0,"13":0,"14":0,"15":1},"f":{"0":1},"b":{"0":[0,0]},"_coverageSchema":"1a1c01bbd47fc00a2c39e90264f33305004495a9","hash":"f1cbd7200cdc3cb1fec7bbf777473eef862ea5f5"}
,"C:\\Users\\Public\\Documents\\ServerlessYoutubeSeries\\testUtils\\eventGenerator.js": {"path":"C:\\Users\\Public\\Documents\\ServerlessYoutubeSeries\\testUtils\\eventGenerator.js","statementMap":{"0":{"start":{"line":1,"column":26},"end":{"line":51,"column":1}},"1":{"start":{"line":9,"column":20},"end":{"line":48,"column":5}},"2":{"start":{"line":50,"column":4},"end":{"line":50,"column":19}},"3":{"start":{"line":53,"column":0},"end":{"line":53,"column":35}}},"fnMap":{"0":{"name":"(anonymous_0)","decl":{"start":{"line":1,"column":26},"end":{"line":1,"column":27}},"loc":{"start":{"line":8,"column":6},"end":{"line":51,"column":1}},"line":8}},"branchMap":{"0":{"loc":{"start":{"line":4,"column":4},"end":{"line":4,"column":13}},"type":"default-arg","locations":[{"start":{"line":4,"column":11},"end":{"line":4,"column":13}}],"line":4},"1":{"loc":{"start":{"line":7,"column":4},"end":{"line":7,"column":25}},"type":"default-arg","locations":[{"start":{"line":7,"column":21},"end":{"line":7,"column":25}}],"line":7},"2":{"loc":{"start":{"line":10,"column":14},"end":{"line":10,"column":48}},"type":"cond-expr","locations":[{"start":{"line":10,"column":21},"end":{"line":10,"column":41}},{"start":{"line":10,"column":44},"end":{"line":10,"column":48}}],"line":10},"3":{"loc":{"start":{"line":16,"column":24},"end":{"line":16,"column":51}},"type":"binary-expr","locations":[{"start":{"line":16,"column":24},"end":{"line":16,"column":43}},{"start":{"line":16,"column":47},"end":{"line":16,"column":51}}],"line":16},"4":{"loc":{"start":{"line":17,"column":31},"end":{"line":17,"column":56}},"type":"binary-expr","locations":[{"start":{"line":17,"column":31},"end":{"line":17,"column":48}},{"start":{"line":17,"column":52},"end":{"line":17,"column":56}}],"line":17}},"s":{"0":1,"1":2,"2":2,"3":1},"f":{"0":2},"b":{"0":[2],"1":[2],"2":[2,0],"3":[2,1],"4":[2,2]},"_coverageSchema":"1a1c01bbd47fc00a2c39e90264f33305004495a9","hash":"86e6c2458781d315abc2426562d185a1a0b9d755"}
,"C:\\Users\\Public\\Documents\\ServerlessYoutubeSeries\\testUtils\\validators.js": {"path":"C:\\Users\\Public\\Documents\\ServerlessYoutubeSeries\\testUtils\\validators.js","statementMap":{"0":{"start":{"line":1,"column":29},"end":{"line":10,"column":1}},"1":{"start":{"line":2,"column":42},"end":{"line":2,"column":50}},"2":{"start":{"line":4,"column":4},"end":{"line":4,"column":55}},"3":{"start":{"line":4,"column":42},"end":{"line":4,"column":55}},"4":{"start":{"line":5,"column":4},"end":{"line":5,"column":53}},"5":{"start":{"line":5,"column":40},"end":{"line":5,"column":53}},"6":{"start":{"line":6,"column":4},"end":{"line":6,"column":47}},"7":{"start":{"line":6,"column":34},"end":{"line":6,"column":47}},"8":{"start":{"line":7,"column":4},"end":{"line":7,"column":49}},"9":{"start":{"line":7,"column":36},"end":{"line":7,"column":49}},"10":{"start":{"line":9,"column":4},"end":{"line":9,"column":16}},"11":{"start":{"line":12,"column":25},"end":{"line":18,"column":1}},"12":{"start":{"line":13,"column":4},"end":{"line":13,"column":69}},"13":{"start":{"line":13,"column":56},"end":{"line":13,"column":69}},"14":{"start":{"line":14,"column":4},"end":{"line":14,"column":70}},"15":{"start":{"line":14,"column":57},"end":{"line":14,"column":70}},"16":{"start":{"line":15,"column":4},"end":{"line":15,"column":68}},"17":{"start":{"line":15,"column":55},"end":{"line":15,"column":68}},"18":{"start":{"line":17,"column":4},"end":{"line":17,"column":16}},"19":{"start":{"line":20,"column":0},"end":{"line":22,"column":1}}},"fnMap":{"0":{"name":"(anonymous_0)","decl":{"start":{"line":1,"column":29},"end":{"line":1,"column":30}},"loc":{"start":{"line":1,"column":41},"end":{"line":10,"column":1}},"line":1},"1":{"name":"(anonymous_1)","decl":{"start":{"line":12,"column":25},"end":{"line":12,"column":26}},"loc":{"start":{"line":12,"column":36},"end":{"line":18,"column":1}},"line":12}},"branchMap":{"0":{"loc":{"start":{"line":4,"column":4},"end":{"line":4,"column":55}},"type":"if","locations":[{"start":{"line":4,"column":4},"end":{"line":4,"column":55}},{"start":{},"end":{}}],"line":4},"1":{"loc":{"start":{"line":4,"column":8},"end":{"line":4,"column":40}},"type":"binary-expr","locations":[{"start":{"line":4,"column":8},"end":{"line":4,"column":13}},{"start":{"line":4,"column":17},"end":{"line":4,"column":25}},{"start":{"line":4,"column":29},"end":{"line":4,"column":40}}],"line":4},"2":{"loc":{"start":{"line":5,"column":4},"end":{"line":5,"column":53}},"type":"if","locations":[{"start":{"line":5,"column":4},"end":{"line":5,"column":53}},{"start":{},"end":{}}],"line":5},"3":{"loc":{"start":{"line":6,"column":4},"end":{"line":6,"column":47}},"type":"if","locations":[{"start":{"line":6,"column":4},"end":{"line":6,"column":47}},{"start":{},"end":{}}],"line":6},"4":{"loc":{"start":{"line":7,"column":4},"end":{"line":7,"column":49}},"type":"if","locations":[{"start":{"line":7,"column":4},"end":{"line":7,"column":49}},{"start":{},"end":{}}],"line":7},"5":{"loc":{"start":{"line":13,"column":4},"end":{"line":13,"column":69}},"type":"if","locations":[{"start":{"line":13,"column":4},"end":{"line":13,"column":69}},{"start":{},"end":{}}],"line":13},"6":{"loc":{"start":{"line":14,"column":4},"end":{"line":14,"column":70}},"type":"if","locations":[{"start":{"line":14,"column":4},"end":{"line":14,"column":70}},{"start":{},"end":{}}],"line":14},"7":{"loc":{"start":{"line":15,"column":4},"end":{"line":15,"column":68}},"type":"if","locations":[{"start":{"line":15,"column":4},"end":{"line":15,"column":68}},{"start":{},"end":{}}],"line":15}},"s":{"0":1,"1":1,"2":1,"3":1,"4":0,"5":0,"6":0,"7":0,"8":0,"9":0,"10":0,"11":1,"12":0,"13":0,"14":0,"15":0,"16":0,"17":0,"18":0,"19":1},"f":{"0":1,"1":0},"b":{"0":[1,0],"1":[1,1,0],"2":[0,0],"3":[0,0],"4":[0,0],"5":[0,0],"6":[0,0],"7":[0,0]},"_coverageSchema":"1a1c01bbd47fc00a2c39e90264f33305004495a9","hash":"439fcdbf8cc8f7587bb3183faccdf657926383d2"}
}
