TN:
SF:lambdas\common\API_Responses.js
FN:2,(anonymous_0)
FN:14,(anonymous_1)
FN:18,(anonymous_2)
FN:21,(anonymous_3)
FNF:4
FNH:4
FNDA:3,(anonymous_0)
FNDA:1,(anonymous_1)
FNDA:1,(anonymous_2)
FNDA:1,(anonymous_3)
DA:1,1
DA:3,3
DA:15,1
DA:19,1
DA:22,1
DA:26,1
LF:6
LH:6
BRDA:2,0,0,0
BRDA:2,1,0,0
BRDA:14,2,0,0
BRDA:18,3,0,0
BRDA:21,4,0,0
BRF:5
BRH:0
end_of_record
TN:
SF:lambdas\common\Dynamo.js
FN:23,(anonymous_0)
FN:41,(anonymous_1)
FNF:2
FNH:2
FNDA:1,(anonymous_0)
FNDA:1,(anonymous_1)
DA:1,1
DA:3,1
DA:5,1
DA:6,0
DA:12,1
DA:13,1
DA:20,1
DA:22,1
DA:24,1
DA:31,1
DA:33,1
DA:34,0
DA:36,1
DA:38,1
DA:42,1
DA:43,0
DA:46,1
DA:51,1
DA:53,1
DA:54,0
DA:57,1
DA:60,1
LF:22
LH:18
BRDA:5,0,0,0
BRDA:5,0,1,1
BRDA:12,1,0,1
BRDA:12,1,1,0
BRDA:33,2,0,0
BRDA:33,2,1,1
BRDA:33,3,0,1
BRDA:33,3,1,1
BRDA:42,4,0,0
BRDA:42,4,1,1
BRDA:53,5,0,0
BRDA:53,5,1,1
BRF:12
BRH:7
end_of_record
